{
  "stats": {
    "suites": 1,
    "tests": 1,
    "passes": 1,
    "pending": 0,
    "failures": 0,
    "start": "2022-07-25T02:24:06.810Z",
    "end": "2022-07-25T02:24:09.213Z",
    "duration": 2403,
    "testsRegistered": 1,
    "passPercent": 100,
    "pendingPercent": 0,
    "other": 0,
    "hasOther": false,
    "skipped": 0,
    "hasSkipped": false
  },
  "results": [
    {
      "uuid": "00b660f5-5859-41ed-a1ad-5c1f621b7810",
      "title": "",
      "fullFile": "test/cypress/integration/home.cy.js",
      "file": "test/cypress/integration/home.cy.js",
      "beforeHooks": [],
      "afterHooks": [],
      "tests": [],
      "suites": [
        {
          "uuid": "56757c84-5bc3-41bd-a855-0242eb3bd64a",
          "title": "Landing",
          "fullFile": "",
          "file": "",
          "beforeHooks": [],
          "afterHooks": [],
          "tests": [
            {
              "title": ".should() - assert that <title> is correct",
              "fullTitle": "Landing .should() - assert that <title> is correct",
              "timedOut": null,
              "duration": 2318,
              "state": "passed",
              "speed": "fast",
              "pass": true,
              "fail": false,
              "pending": false,
              "context": null,
              "code": "cy.title().should('include', 'Quasar');",
              "err": {},
              "uuid": "090a2d92-fe45-4b33-8bf7-54260b1d39a4",
              "parentUUID": "56757c84-5bc3-41bd-a855-0242eb3bd64a",
              "isHook": false,
              "skipped": false
            }
          ],
          "suites": [],
          "passes": [
            "090a2d92-fe45-4b33-8bf7-54260b1d39a4"
          ],
          "failures": [],
          "pending": [],
          "skipped": [],
          "duration": 2318,
          "root": false,
          "rootEmpty": false,
          "_timeout": 2000
        }
      ],
      "passes": [],
      "failures": [],
      "pending": [],
      "skipped": [],
      "duration": 0,
      "root": true,
      "rootEmpty": true,
      "_timeout": 2000
    }
  ],
  "meta": {
    "mocha": {
      "version": "7.0.1"
    },
    "mochawesome": {
      "options": {
        "quiet": false,
        "reportFilename": "mochawesome",
        "saveHtml": false,
        "saveJson": true,
        "consoleReporter": "spec",
        "useInlineDiffs": false,
        "code": true
      },
      "version": "7.1.3"
    },
    "marge": {
      "options": {
        "reportDir": "cypress/results",
        "overwrite": true,
        "html": false,
        "json": true
      },
      "version": "6.2.0"
    }
  }
}